Using pre-set license
Built from '2021.3/staging' branch; Version is '2021.3.18f1 (3129e69bc0c7) revision 3221990'; Using compiler version '192829333'; Build Type 'Release'
OS: 'Windows 11  (10.0.22000) 64bit Professional' Language: 'es' Physical Memory: 32692 MB
BatchMode: 1, IsHumanControllingUs: 0, StartBugReporterOnCrash: 0, Is64bit: 1, IsPro: 1

COMMAND LINE ARGUMENTS:
D:\programas\2021.3.18f1\Editor\Unity.exe
-adb2
-batchMode
-noUpm
-name
AssetImportWorker1
-projectPath
D:/documentos/cursos/videojuegos/dipVideojuegosReto1-cambiosCamilo/dipVideojuegosReto1-cambiosCamilo
-logFile
Logs/AssetImportWorker1.log
-srvPort
12119
Successfully changed project path to: D:/documentos/cursos/videojuegos/dipVideojuegosReto1-cambiosCamilo/dipVideojuegosReto1-cambiosCamilo
D:/documentos/cursos/videojuegos/dipVideojuegosReto1-cambiosCamilo/dipVideojuegosReto1-cambiosCamilo
[UnityMemory] Configuration Parameters - Can be set up in boot.config
    "memorysetup-bucket-allocator-granularity=16"
    "memorysetup-bucket-allocator-bucket-count=8"
    "memorysetup-bucket-allocator-block-size=33554432"
    "memorysetup-bucket-allocator-block-count=8"
    "memorysetup-main-allocator-block-size=16777216"
    "memorysetup-thread-allocator-block-size=16777216"
    "memorysetup-gfx-main-allocator-block-size=16777216"
    "memorysetup-gfx-thread-allocator-block-size=16777216"
    "memorysetup-cache-allocator-block-size=4194304"
    "memorysetup-typetree-allocator-block-size=2097152"
    "memorysetup-profiler-bucket-allocator-granularity=16"
    "memorysetup-profiler-bucket-allocator-bucket-count=8"
    "memorysetup-profiler-bucket-allocator-block-size=33554432"
    "memorysetup-profiler-bucket-allocator-block-count=8"
    "memorysetup-profiler-allocator-block-size=16777216"
    "memorysetup-profiler-editor-allocator-block-size=1048576"
    "memorysetup-temp-allocator-size-main=16777216"
    "memorysetup-job-temp-allocator-block-size=2097152"
    "memorysetup-job-temp-allocator-block-size-background=1048576"
    "memorysetup-job-temp-allocator-reduction-small-platforms=262144"
    "memorysetup-temp-allocator-size-background-worker=32768"
    "memorysetup-temp-allocator-size-job-worker=262144"
    "memorysetup-temp-allocator-size-preload-manager=33554432"
    "memorysetup-temp-allocator-size-nav-mesh-worker=65536"
    "memorysetup-temp-allocator-size-audio-worker=65536"
    "memorysetup-temp-allocator-size-cloud-worker=32768"
    "memorysetup-temp-allocator-size-gi-baking-worker=262144"
    "memorysetup-temp-allocator-size-gfx=262144"
Player connection [16160] Host "[IP] 192.168.0.3 [Port] 0 [Flags] 2 [Guid] 3494025907 [EditorId] 3494025907 [Version] 1048832 [Id] WindowsEditor(7,FelipePC) [Debug] 1 [PackageName] WindowsEditor [ProjectName] Editor" joined multi-casting on [225.0.0.222:54997]...

Player connection [16160] Host "[IP] 192.168.0.3 [Port] 0 [Flags] 2 [Guid] 3494025907 [EditorId] 3494025907 [Version] 1048832 [Id] WindowsEditor(7,FelipePC) [Debug] 1 [PackageName] WindowsEditor [ProjectName] Editor" joined alternative multi-casting on [225.0.0.222:34997]...

Refreshing native plugins compatible for Editor in 9.70 ms, found 0 plugins.
Preloading 0 native plugins for Editor in 0.00 ms.
Initialize engine version: 2021.3.18f1 (3129e69bc0c7)
[Subsystems] Discovering subsystems at path D:/programas/2021.3.18f1/Editor/Data/Resources/UnitySubsystems
[Subsystems] Discovering subsystems at path D:/documentos/cursos/videojuegos/dipVideojuegosReto1-cambiosCamilo/dipVideojuegosReto1-cambiosCamilo/Assets
GfxDevice: creating device client; threaded=0; jobified=0
Direct3D:
    Version:  Direct3D 11.0 [level 11.1]
    Renderer: NVIDIA GeForce RTX 3060 (ID=0x2504)
    Vendor:   NVIDIA
    VRAM:     12129 MB
    Driver:   31.0.15.2756
Initialize mono
Mono path[0] = 'D:/programas/2021.3.18f1/Editor/Data/Managed'
Mono path[1] = 'D:/programas/2021.3.18f1/Editor/Data/MonoBleedingEdge/lib/mono/unityjit-win32'
Mono config path = 'D:/programas/2021.3.18f1/Editor/Data/MonoBleedingEdge/etc'
Using monoOptions --debugger-agent=transport=dt_socket,embedding=1,server=y,suspend=n,address=127.0.0.1:56296
Begin MonoManager ReloadAssembly
Registering precompiled unity dll's ...
Register platform support module: D:/programas/2021.3.18f1/Editor/Data/PlaybackEngines/AndroidPlayer/UnityEditor.Android.Extensions.dll
Register platform support module: D:/programas/2021.3.18f1/Editor/Data/PlaybackEngines/WindowsStandaloneSupport/UnityEditor.WindowsStandalone.Extensions.dll
Registered in 0.001772 seconds.
Native extension for WindowsStandalone target not found
Native extension for Android target not found
Android Extension - Scanning For ADB Devices 210 ms
Refreshing native plugins compatible for Editor in 8.88 ms, found 0 plugins.
Preloading 0 native plugins for Editor in 0.00 ms.
Mono: successfully reloaded assembly
- Completed reload, in  0.708 seconds
Domain Reload Profiling:
	ReloadAssembly (709ms)
		BeginReloadAssembly (75ms)
			ExecutionOrderSort (0ms)
			DisableScriptedObjects (0ms)
			BackupInstance (0ms)
			ReleaseScriptingObjects (0ms)
			CreateAndSetChildDomain (1ms)
		EndReloadAssembly (543ms)
			LoadAssemblies (74ms)
			RebuildTransferFunctionScriptingTraits (0ms)
			SetupTypeCache (95ms)
			ReleaseScriptCaches (0ms)
			RebuildScriptCaches (24ms)
			SetupLoadedEditorAssemblies (384ms)
				LogAssemblyErrors (0ms)
				InitializePlatformSupportModulesInManaged (263ms)
				SetLoadedEditorAssemblies (0ms)
				RefreshPlugins (9ms)
				BeforeProcessingInitializeOnLoad (1ms)
				ProcessInitializeOnLoadAttributes (75ms)
				ProcessInitializeOnLoadMethodAttributes (36ms)
				AfterProcessingInitializeOnLoad (0ms)
				EditorAssembliesLoaded (0ms)
			ExecutionOrderSort2 (0ms)
			AwakeInstancesAfterBackupRestoration (0ms)
Platform modules already initialized, skipping
Registering precompiled user dll's ...
Registered in 0.000000 seconds.
Begin MonoManager ReloadAssembly
Native extension for WindowsStandalone target not found
Native extension for Android target not found
Refreshing native plugins compatible for Editor in 0.14 ms, found 0 plugins.
Preloading 0 native plugins for Editor in 0.00 ms.
Mono: successfully reloaded assembly
- Completed reload, in  0.593 seconds
Domain Reload Profiling:
	ReloadAssembly (594ms)
		BeginReloadAssembly (111ms)
			ExecutionOrderSort (0ms)
			DisableScriptedObjects (5ms)
			BackupInstance (0ms)
			ReleaseScriptingObjects (0ms)
			CreateAndSetChildDomain (18ms)
		EndReloadAssembly (424ms)
			LoadAssemblies (70ms)
			RebuildTransferFunctionScriptingTraits (0ms)
			SetupTypeCache (105ms)
			ReleaseScriptCaches (0ms)
			RebuildScriptCaches (45ms)
			SetupLoadedEditorAssemblies (175ms)
				LogAssemblyErrors (0ms)
				InitializePlatformSupportModulesInManaged (20ms)
				SetLoadedEditorAssemblies (0ms)
				RefreshPlugins (0ms)
				BeforeProcessingInitializeOnLoad (31ms)
				ProcessInitializeOnLoadAttributes (92ms)
				ProcessInitializeOnLoadMethodAttributes (27ms)
				AfterProcessingInitializeOnLoad (3ms)
				EditorAssembliesLoaded (0ms)
			ExecutionOrderSort2 (0ms)
			AwakeInstancesAfterBackupRestoration (5ms)
Platform modules already initialized, skipping
========================================================================
Worker process is ready to serve import requests
Launched and connected shader compiler UnityShaderCompiler.exe after 0.03 seconds
Refreshing native plugins compatible for Editor in 0.20 ms, found 0 plugins.
Preloading 0 native plugins for Editor in 0.00 ms.
Unloading 490 Unused Serialized files (Serialized files now loaded: 0)
Unloading 6 unused Assets / (56.3 KB). Loaded Objects now: 965.
Memory consumption went from 41.7 MB to 41.7 MB.
Total: 2.996300 ms (FindLiveObjects: 0.092200 ms CreateObjectMapping: 0.014700 ms MarkObjects: 2.798100 ms  DeleteObjects: 0.089500 ms)

AssetImportParameters requested are different than current active one (requested -> active):
  custom:video-decoder-ogg-theora: a1e56fd34408186e4bbccfd4996cb3dc -> 
  custom:container-muxer-webm: aa71ff27fc2769a1b78a27578f13a17b -> 
  custom:container-demuxer-webm: 4f35f7cbe854078d1ac9338744f61a02 -> 
  custom:video-encoder-webm-vp8: eb34c28f22e8b96e1ab97ce403110664 -> 
  custom:audio-encoder-webm-vorbis: bf7c407c2cedff20999df2af8eb42d56 -> 
  custom:framework-win-MediaFoundation: 216162199b28c13a410421893ffa2e32 -> 
  custom:container-demuxer-ogg: 62fdf1f143b41e24485cea50d1cbac27 -> 
  custom:video-decoder-webm-vp8: 9c59270c3fd7afecdb556c50c9e8de78 -> 
  custom:audio-decoder-ogg-vorbis: bf7c407c2cedff20999df2af8eb42d56 -> 
========================================================================
Received Import Request.
  Time since last request: 224323.012758 seconds.
  path: Assets/sprites/enemigos/enemigos 1/Idle 2.png
  artifactKey: Guid(8557aeecc198a2c47b9440d0377fe204) Importer(815301076,1909f56bfc062723c751e8b465ee728b)
Start importing Assets/sprites/enemigos/enemigos 1/Idle 2.png using Guid(8557aeecc198a2c47b9440d0377fe204) Importer(815301076,1909f56bfc062723c751e8b465ee728b)  -> (artifact id: '0edb442fbddad9d7809f8986a06367b2') in 0.182887 seconds 
========================================================================
Received Import Request.
  Time since last request: 0.000015 seconds.
  path: Assets/sprites/enemigos/enemigos 1/Death 1.png
  artifactKey: Guid(ca2201ef0b93cb9419a062d548fc1169) Importer(815301076,1909f56bfc062723c751e8b465ee728b)
Start importing Assets/sprites/enemigos/enemigos 1/Death 1.png using Guid(ca2201ef0b93cb9419a062d548fc1169) Importer(815301076,1909f56bfc062723c751e8b465ee728b)  -> (artifact id: '4c358d78f3f9e709f73a2f814cc254cf') in 0.032944 seconds 
========================================================================
Received Import Request.
  Time since last request: 0.000027 seconds.
  path: Assets/sprites/enemigos/enemigos 1/Attack6.png
  artifactKey: Guid(c2e9288be67b0ca4f8c972cca377d2c3) Importer(815301076,1909f56bfc062723c751e8b465ee728b)
Start importing Assets/sprites/enemigos/enemigos 1/Attack6.png using Guid(c2e9288be67b0ca4f8c972cca377d2c3) Importer(815301076,1909f56bfc062723c751e8b465ee728b)  -> (artifact id: '65e1b016759b70d355b4c664e49a2c4d') in 0.037133 seconds 
========================================================================
Received Import Request.
  Time since last request: 0.000012 seconds.
  path: Assets/sprites/enemigos/enemigos 1/Attack4_3.png
  artifactKey: Guid(138ed37664daa9541974d99c88c12674) Importer(815301076,1909f56bfc062723c751e8b465ee728b)
Start importing Assets/sprites/enemigos/enemigos 1/Attack4_3.png using Guid(138ed37664daa9541974d99c88c12674) Importer(815301076,1909f56bfc062723c751e8b465ee728b)  -> (artifact id: 'f3199428bfa49cee79aacec0c83bc39d') in 0.050053 seconds 
========================================================================
Received Import Request.
  Time since last request: 0.000011 seconds.
  path: Assets/sprites/enemigos/enemigos 1/Attack9.png
  artifactKey: Guid(c65bc4c8a80c0134c9d56c5ed5dc818f) Importer(815301076,1909f56bfc062723c751e8b465ee728b)
Start importing Assets/sprites/enemigos/enemigos 1/Attack9.png using Guid(c65bc4c8a80c0134c9d56c5ed5dc818f) Importer(815301076,1909f56bfc062723c751e8b465ee728b)  -> (artifact id: 'b1bd4bce58a692e6e1c238a6f858c1c2') in 0.036511 seconds 
========================================================================
Received Import Request.
  Time since last request: 0.000011 seconds.
  path: Assets/sprites/enemigos/enemigos 1/Hurt 1.png
  artifactKey: Guid(c48a677f5afd04b45941d60656a2e8b7) Importer(815301076,1909f56bfc062723c751e8b465ee728b)
Start importing Assets/sprites/enemigos/enemigos 1/Hurt 1.png using Guid(c48a677f5afd04b45941d60656a2e8b7) Importer(815301076,1909f56bfc062723c751e8b465ee728b)  -> (artifact id: 'b5cc1b515c87dcbe25f82d6e62989203') in 0.017462 seconds 
========================================================================
Received Import Request.
  Time since last request: 0.000015 seconds.
  path: Assets/sprites/enemigos/enemigos 1/Attack1.png
  artifactKey: Guid(6d9865bcfe0f8ab4bac5d338417fd431) Importer(815301076,1909f56bfc062723c751e8b465ee728b)
Start importing Assets/sprites/enemigos/enemigos 1/Attack1.png using Guid(6d9865bcfe0f8ab4bac5d338417fd431) Importer(815301076,1909f56bfc062723c751e8b465ee728b)  -> (artifact id: '3de676771bcf3df07d406091ca061ae0') in 0.023576 seconds 
========================================================================
Received Import Request.
  Time since last request: 0.000012 seconds.
  path: Assets/sprites/enemigos/enemigos 1/Attack4_1.png
  artifactKey: Guid(1d48ba344d89ba549b09c086fec11df3) Importer(815301076,1909f56bfc062723c751e8b465ee728b)
Start importing Assets/sprites/enemigos/enemigos 1/Attack4_1.png using Guid(1d48ba344d89ba549b09c086fec11df3) Importer(815301076,1909f56bfc062723c751e8b465ee728b)  -> (artifact id: '28228817a031f6dfd05d5b294671b710') in 0.020675 seconds 
========================================================================
Received Import Request.
  Time since last request: 0.000014 seconds.
  path: Assets/sprites/enemigos/enemigos 1/Attack4_4.png
  artifactKey: Guid(02906e9868b9d7040a9f4c683c2d3dad) Importer(815301076,1909f56bfc062723c751e8b465ee728b)
Start importing Assets/sprites/enemigos/enemigos 1/Attack4_4.png using Guid(02906e9868b9d7040a9f4c683c2d3dad) Importer(815301076,1909f56bfc062723c751e8b465ee728b)  -> (artifact id: 'c174adf0f7d5e05c0ac2019d1634b485') in 0.040934 seconds 
========================================================================
Received Import Request.
  Time since last request: 0.000013 seconds.
  path: Assets/sprites/enemigos/enemigos 1/Idle.png
  artifactKey: Guid(bd67ec9de976bae4b86966768036ddd1) Importer(815301076,1909f56bfc062723c751e8b465ee728b)
Start importing Assets/sprites/enemigos/enemigos 1/Idle.png using Guid(bd67ec9de976bae4b86966768036ddd1) Importer(815301076,1909f56bfc062723c751e8b465ee728b)  -> (artifact id: 'af9baf567d08cd531a2ee92630d8a37a') in 0.029267 seconds 
========================================================================
Received Import Request.
  Time since last request: 0.000020 seconds.
  path: Assets/sprites/enemigos/enemigos 1/Attack2.png
  artifactKey: Guid(feb83f9b92cec6f49b09f3bec59fd2be) Importer(815301076,1909f56bfc062723c751e8b465ee728b)
Start importing Assets/sprites/enemigos/enemigos 1/Attack2.png using Guid(feb83f9b92cec6f49b09f3bec59fd2be) Importer(815301076,1909f56bfc062723c751e8b465ee728b)  -> (artifact id: 'aa20833fe711e502b354733d564400f9') in 0.030392 seconds 
========================================================================
Received Import Request.
  Time since last request: 4.331419 seconds.
  path: Assets/sprites/enemigos/enemigos 2/Attack 3.png
  artifactKey: Guid(9d779d605a5752943b53b5dfeccfe3c8) Importer(815301076,1909f56bfc062723c751e8b465ee728b)
Start importing Assets/sprites/enemigos/enemigos 2/Attack 3.png using Guid(9d779d605a5752943b53b5dfeccfe3c8) Importer(815301076,1909f56bfc062723c751e8b465ee728b)  -> (artifact id: '62ef776e2ccbbe2c0073c079795dc50b') in 0.009593 seconds 
========================================================================
Received Import Request.
  Time since last request: 0.000012 seconds.
  path: Assets/sprites/enemigos/enemigos 2/Hurt 3.png
  artifactKey: Guid(85025483a883ca04a82d122eb13dae3b) Importer(815301076,1909f56bfc062723c751e8b465ee728b)
Start importing Assets/sprites/enemigos/enemigos 2/Hurt 3.png using Guid(85025483a883ca04a82d122eb13dae3b) Importer(815301076,1909f56bfc062723c751e8b465ee728b)  -> (artifact id: 'cc91540adc992677344b4432e7705c01') in 0.035489 seconds 
========================================================================
Received Import Request.
  Time since last request: 0.000014 seconds.
  path: Assets/sprites/enemigos/enemigos 2/Death 2.png
  artifactKey: Guid(b1962b18656481f41a69f96aadb11f59) Importer(815301076,1909f56bfc062723c751e8b465ee728b)
Start importing Assets/sprites/enemigos/enemigos 2/Death 2.png using Guid(b1962b18656481f41a69f96aadb11f59) Importer(815301076,1909f56bfc062723c751e8b465ee728b)  -> (artifact id: '36ef58bc39cd6ada54a0416f6b97f872') in 0.044720 seconds 
========================================================================
Received Import Request.
  Time since last request: 0.000012 seconds.
  path: Assets/sprites/enemigos/enemigos 2/Walk 2.png
  artifactKey: Guid(1daa2fcfa21b15b49a92fabd8cb19f13) Importer(815301076,1909f56bfc062723c751e8b465ee728b)
Start importing Assets/sprites/enemigos/enemigos 2/Walk 2.png using Guid(1daa2fcfa21b15b49a92fabd8cb19f13) Importer(815301076,1909f56bfc062723c751e8b465ee728b)  -> (artifact id: 'c40546e0ab056cc8b8ce4d10a7c64638') in 0.044276 seconds 
========================================================================
Received Import Request.
  Time since last request: 0.000013 seconds.
  path: Assets/sprites/enemigos/enemigos 2/Idle 4.png
  artifactKey: Guid(bd4249bbd5784e64487e9b6cc94f337b) Importer(815301076,1909f56bfc062723c751e8b465ee728b)
Start importing Assets/sprites/enemigos/enemigos 2/Idle 4.png using Guid(bd4249bbd5784e64487e9b6cc94f337b) Importer(815301076,1909f56bfc062723c751e8b465ee728b)  -> (artifact id: 'd08d70ca528e6999ae7dbbc158ef13c6') in 0.007048 seconds 
========================================================================
Received Import Request.
  Time since last request: 0.000015 seconds.
  path: Assets/sprites/enemigos/enemigos 2/Death.png
  artifactKey: Guid(75f4336d97850bc438ba6ee4161a8ae4) Importer(815301076,1909f56bfc062723c751e8b465ee728b)
Start importing Assets/sprites/enemigos/enemigos 2/Death.png using Guid(75f4336d97850bc438ba6ee4161a8ae4) Importer(815301076,1909f56bfc062723c751e8b465ee728b)  -> (artifact id: '34c84b8aaccc424ff69b0754cb4442e3') in 0.023003 seconds 
========================================================================
Received Import Request.
  Time since last request: 0.000018 seconds.
  path: Assets/sprites/enemigos/enemigos 2/Hurt 2.png
  artifactKey: Guid(031c4edcbddd31d46ad9df3715d53484) Importer(815301076,1909f56bfc062723c751e8b465ee728b)
Start importing Assets/sprites/enemigos/enemigos 2/Hurt 2.png using Guid(031c4edcbddd31d46ad9df3715d53484) Importer(815301076,1909f56bfc062723c751e8b465ee728b)  -> (artifact id: '26b36031f29801b46be8835c66227a57') in 0.027456 seconds 
========================================================================
Received Import Request.
  Time since last request: 0.000012 seconds.
  path: Assets/sprites/enemigos/enemigos 2/Walk 3.png
  artifactKey: Guid(661c2291ca1a27f49854ddfb1f554184) Importer(815301076,1909f56bfc062723c751e8b465ee728b)
Start importing Assets/sprites/enemigos/enemigos 2/Walk 3.png using Guid(661c2291ca1a27f49854ddfb1f554184) Importer(815301076,1909f56bfc062723c751e8b465ee728b)  -> (artifact id: '111856c37ab98cad2dd4779761a0d9b4') in 0.046134 seconds 
========================================================================
Received Import Request.
  Time since last request: 0.000015 seconds.
  path: Assets/sprites/enemigos/enemigos 2/Walk 4.png
  artifactKey: Guid(ea456367dc93c4745a3712e57b0a7724) Importer(815301076,1909f56bfc062723c751e8b465ee728b)
Start importing Assets/sprites/enemigos/enemigos 2/Walk 4.png using Guid(ea456367dc93c4745a3712e57b0a7724) Importer(815301076,1909f56bfc062723c751e8b465ee728b)  -> (artifact id: '1e1fe0937faf75cf7c8b3347dfd5dbf3') in 0.017068 seconds 
========================================================================
Received Prepare
Registering precompiled user dll's ...
Registered in 0.000000 seconds.
Begin MonoManager ReloadAssembly
Native extension for WindowsStandalone target not found
Native extension for Android target not found
Refreshing native plugins compatible for Editor in 0.13 ms, found 0 plugins.
Preloading 0 native plugins for Editor in 0.00 ms.
Mono: successfully reloaded assembly
- Completed reload, in  0.572 seconds
Domain Reload Profiling:
	ReloadAssembly (572ms)
		BeginReloadAssembly (121ms)
			ExecutionOrderSort (0ms)
			DisableScriptedObjects (6ms)
			BackupInstance (0ms)
			ReleaseScriptingObjects (0ms)
			CreateAndSetChildDomain (19ms)
		EndReloadAssembly (393ms)
			LoadAssemblies (76ms)
			RebuildTransferFunctionScriptingTraits (0ms)
			SetupTypeCache (112ms)
			ReleaseScriptCaches (0ms)
			RebuildScriptCaches (26ms)
			SetupLoadedEditorAssemblies (167ms)
				LogAssemblyErrors (0ms)
				InitializePlatformSupportModulesInManaged (20ms)
				SetLoadedEditorAssemblies (0ms)
				RefreshPlugins (0ms)
				BeforeProcessingInitializeOnLoad (27ms)
				ProcessInitializeOnLoadAttributes (96ms)
				ProcessInitializeOnLoadMethodAttributes (21ms)
				AfterProcessingInitializeOnLoad (2ms)
				EditorAssembliesLoaded (0ms)
			ExecutionOrderSort2 (0ms)
			AwakeInstancesAfterBackupRestoration (6ms)
Platform modules already initialized, skipping
Refreshing native plugins compatible for Editor in 0.16 ms, found 0 plugins.
Preloading 0 native plugins for Editor in 0.00 ms.
Unloading 471 Unused Serialized files (Serialized files now loaded: 0)
Unloading 0 unused Assets / (24.6 KB). Loaded Objects now: 984.
Memory consumption went from 44.0 MB to 43.9 MB.
Total: 2.122400 ms (FindLiveObjects: 0.072100 ms CreateObjectMapping: 0.012700 ms MarkObjects: 2.029600 ms  DeleteObjects: 0.007000 ms)

AssetImportParameters requested are different than current active one (requested -> active):
  custom:video-decoder-ogg-theora: a1e56fd34408186e4bbccfd4996cb3dc -> 
  custom:container-muxer-webm: aa71ff27fc2769a1b78a27578f13a17b -> 
  custom:container-demuxer-webm: 4f35f7cbe854078d1ac9338744f61a02 -> 
  custom:video-encoder-webm-vp8: eb34c28f22e8b96e1ab97ce403110664 -> 
  custom:audio-encoder-webm-vorbis: bf7c407c2cedff20999df2af8eb42d56 -> 
  custom:framework-win-MediaFoundation: 216162199b28c13a410421893ffa2e32 -> 
  custom:container-demuxer-ogg: 62fdf1f143b41e24485cea50d1cbac27 -> 
  custom:video-decoder-webm-vp8: 9c59270c3fd7afecdb556c50c9e8de78 -> 
  custom:audio-decoder-ogg-vorbis: bf7c407c2cedff20999df2af8eb42d56 -> 
========================================================================
Received Prepare
Registering precompiled user dll's ...
Registered in 0.000000 seconds.
Begin MonoManager ReloadAssembly
Native extension for WindowsStandalone target not found
Native extension for Android target not found
Refreshing native plugins compatible for Editor in 0.17 ms, found 0 plugins.
Preloading 0 native plugins for Editor in 0.00 ms.
Mono: successfully reloaded assembly
- Completed reload, in  0.574 seconds
Domain Reload Profiling:
	ReloadAssembly (575ms)
		BeginReloadAssembly (124ms)
			ExecutionOrderSort (0ms)
			DisableScriptedObjects (7ms)
			BackupInstance (0ms)
			ReleaseScriptingObjects (0ms)
			CreateAndSetChildDomain (19ms)
		EndReloadAssembly (392ms)
			LoadAssemblies (81ms)
			RebuildTransferFunctionScriptingTraits (0ms)
			SetupTypeCache (103ms)
			ReleaseScriptCaches (0ms)
			RebuildScriptCaches (26ms)
			SetupLoadedEditorAssemblies (173ms)
				LogAssemblyErrors (0ms)
				InitializePlatformSupportModulesInManaged (20ms)
				SetLoadedEditorAssemblies (0ms)
				RefreshPlugins (0ms)
				BeforeProcessingInitializeOnLoad (26ms)
				ProcessInitializeOnLoadAttributes (98ms)
				ProcessInitializeOnLoadMethodAttributes (26ms)
				AfterProcessingInitializeOnLoad (3ms)
				EditorAssembliesLoaded (0ms)
			ExecutionOrderSort2 (0ms)
			AwakeInstancesAfterBackupRestoration (8ms)
Platform modules already initialized, skipping
Refreshing native plugins compatible for Editor in 0.30 ms, found 0 plugins.
Preloading 0 native plugins for Editor in 0.00 ms.
Unloading 471 Unused Serialized files (Serialized files now loaded: 0)
Unloading 0 unused Assets / (24.6 KB). Loaded Objects now: 984.
Memory consumption went from 44.0 MB to 44.0 MB.
Total: 2.196800 ms (FindLiveObjects: 0.076600 ms CreateObjectMapping: 0.023900 ms MarkObjects: 2.084200 ms  DeleteObjects: 0.011200 ms)

AssetImportParameters requested are different than current active one (requested -> active):
  custom:video-decoder-ogg-theora: a1e56fd34408186e4bbccfd4996cb3dc -> 
  custom:container-muxer-webm: aa71ff27fc2769a1b78a27578f13a17b -> 
  custom:container-demuxer-webm: 4f35f7cbe854078d1ac9338744f61a02 -> 
  custom:video-encoder-webm-vp8: eb34c28f22e8b96e1ab97ce403110664 -> 
  custom:audio-encoder-webm-vorbis: bf7c407c2cedff20999df2af8eb42d56 -> 
  custom:framework-win-MediaFoundation: 216162199b28c13a410421893ffa2e32 -> 
  custom:container-demuxer-ogg: 62fdf1f143b41e24485cea50d1cbac27 -> 
  custom:video-decoder-webm-vp8: 9c59270c3fd7afecdb556c50c9e8de78 -> 
  custom:audio-decoder-ogg-vorbis: bf7c407c2cedff20999df2af8eb42d56 -> 
Editor requested this worker to shutdown with reason: Scaling down because of idle timeout
AssetImportWorker is now disconnected from the server
Process exiting
Exiting without the bug reporter. Application will terminate with return code 0